
> Chaitra@1.2.0 build:win
> cross-env NODE_ENV=production rimraf dist dist-electron && vite build && tsc -p tsconfig.electron.json && electron-builder --win

[36mvite v6.4.1 [32mbuilding for production...[36m[39m
transforming...
[32mΓ£ô[39m 3464 modules transformed.
rendering chunks...
computing gzip size...
[2mdist/[22m[32mindex.html                 [39m[1m[2m    1.00 kB[22m[1m[22m[2m Γöé gzip:   0.52 kB[22m
[2mdist/[22m[35massets/index-f_ijj-9Y.css  [39m[1m[2m   39.37 kB[22m[1m[22m[2m Γöé gzip:   7.77 kB[22m
[2mdist/[22m[36massets/index-c_iulDFR.js   [39m[1m[33m1,561.68 kB[39m[22m[2m Γöé gzip: 487.44 kB[22m[2m Γöé map: 5,211.40 kB[22m
node.exe : [33m
At line:1 char:1
+ & "C:\Program Files\nodejs/node.exe" 
"C:\Users\ashin\AppData\Roaming\ ...
+ ~~~~~~~~~~~~~~~~~~~~~~~~~~~~~~~~~~~~~~~~~~~~~~~
~~~~~~~~~~~~~~~~~~~~~~
    + CategoryInfo          : NotSpecified: ([3 
   3m:String) [], RemoteException
    + FullyQualifiedErrorId : NativeCommandError
 
(!) Some chunks are larger than 500 kB after 
minification. Consider:
- Using dynamic import() to code-split the 
application
- Use build.rollupOptions.output.manualChunks to 
improve chunking: https://rollupjs.org/configurat
ion-options/#output-manualchunks
- Adjust chunk size limit for this warning via 
build.chunkSizeWarningLimit.[39m
[32mΓ£ô built in 15.93s[39m
[36mvite v6.4.1 [32mbuilding for production...[36m[39m
transforming...
[32mΓ£ô[39m 31 modules transformed.
rendering chunks...
computing gzip size...
[2mdist-electron/[22m[36mmain.js  [39m[1m[2m204.95 kB[22m[1m[22m[2m Γöé gzip: 36.84 kB[22m[2m Γöé map: 392.32 kB[22m
[32mΓ£ô built in 469ms[39m
[36mvite v6.4.1 [32mbuilding for production...[36m[39m
transforming...
[32mΓ£ô[39m 1 modules transformed.
rendering chunks...
computing gzip size...
[2mdist-electron/[22m[36mpreload.js  [39m[1m[2m6.71 kB[22m[1m[22m[2m Γöé gzip: 1.64 kB[22m[2m Γöé map: 23.27 kB[22m
[32mΓ£ô built in 49ms[39m
  ΓÇó electron-builder  version=24.13.3 os=10.0.26100
  ΓÇó loaded configuration  file=package.json ("build" field)
  ΓÇó packaging       platform=win32 arch=x64 electron=29.4.6 appOutDir=release\win-unpacked
  ΓÇó file source doesn't exist  from=C:\Users\ashin\AndroidStudioProjects\Gwenie\Chaitra\.env
  ΓÇó building        target=nsis file=release\Chaitra-Windows-1.2.0.exe archs=x64 oneClick=true perMachine=false
  ΓÇó building block map  blockMapFile=release\Chaitra-Windows-1.2.0.exe.blockmap
